<?xml version="1.0" encoding="UTF-8"?>
<testsuite xmlns:xsi="http://www.w3.org/2001/XMLSchema-instance" xsi:noNamespaceSchemaLocation="https://maven.apache.org/surefire/maven-surefire-plugin/xsd/surefire-test-report.xsd" version="3.0.2" name="com.example.usermanagementservice.UserManagementServiceApplicationTests" time="2.458" tests="1" errors="0" skipped="0" failures="0">
  <properties>
[...]
</properties>
  <testcase name="contextLoads" classname="com.example.usermanagementservice.UserManagementServiceApplicationTests" time="0.206">
    <system-out><![CDATA[08:26:13.359 [main] INFO org.springframework.test.context.support.AnnotationConfigContextLoaderUtils -- Could not detect default configuration classes for test class [com.example.usermanagementservice.UserManagementServiceApplicationTests]: UserManagementServiceApplicationTests does not declare any static, non-private, non-final, nested classes annotated with @Configuration.
08:26:13.404 [main] INFO org.springframework.boot.test.context.SpringBootTestContextBootstrapper -- Found @SpringBootConfiguration com.example.usermanagementservice.UserManagementServiceApplication for test class com.example.usermanagementservice.UserManagementServiceApplicationTests
08:26:13.465 [main] INFO org.springframework.boot.devtools.restart.RestartApplicationListener -- Restart disabled due to context in which it is running

  .   ____          _            __ _ _
 /\\ / ___'_ __ _ _(_)_ __  __ _ \ \ \ \
( ( )\___ | '_ | '_| | '_ \/ _` | \ \ \ \
 \\/  ___)| |_)| | | | | || (_| |  ) ) ) )
  '  |____| .__|_| |_|_| |_\__, | / / / /
 =========|_|==============|___/=/_/_/_/

 :: Spring Boot ::                (v3.5.4)

2026-09-13T08:26:13.569+05:30  INFO 18690 --- [UserManagementService] [           main] .u.UserManagementServiceApplicationTests : Starting UserManagementServiceApplicationTests using Java 17.0.19 with PID 18690 (started by smane in /Users/smane/Capstone_Project/UserManagementService)
2026-09-13T08:26:13.569+05:30  INFO 18690 --- [UserManagementService] [           main] .u.UserManagementServiceApplicationTests : No active profile set, falling back to 1 default profile: "default"
2026-09-13T08:26:13.857+05:30  INFO 18690 --- [UserManagementService] [           main] .s.d.r.c.RepositoryConfigurationDelegate : Bootstrapping Spring Data JPA repositories in DEFAULT mode.
2026-09-13T08:26:13.880+05:30  INFO 18690 --- [UserManagementService] [           main] .s.d.r.c.RepositoryConfigurationDelegate : Finished Spring Data repository scanning in 18 ms. Found 3 JPA repository interfaces.
2026-09-13T08:26:14.071+05:30  INFO 18690 --- [UserManagementService] [           main] o.hibernate.jpa.internal.util.LogHelper  : HHH000204: Processing PersistenceUnitInfo [name: default]
2026-09-13T08:26:14.095+05:30  INFO 18690 --- [UserManagementService] [           main] org.hibernate.Version                    : HHH000412: Hibernate ORM core version 6.6.22.Final
2026-09-13T08:26:14.110+05:30  INFO 18690 --- [UserManagementService] [           main] o.h.c.internal.RegionFactoryInitiator    : HHH000026: Second-level cache disabled
2026-09-13T08:26:14.217+05:30  INFO 18690 --- [UserManagementService] [           main] o.s.o.j.p.SpringPersistenceUnitInfo      : No LoadTimeWeaver setup: ignoring JPA class transformer
2026-09-13T08:26:14.227+05:30  INFO 18690 --- [UserManagementService] [           main] com.zaxxer.hikari.HikariDataSource       : HikariPool-1 - Starting...
2026-09-13T08:26:14.373+05:30  INFO 18690 --- [UserManagementService] [           main] com.zaxxer.hikari.pool.HikariPool        : HikariPool-1 - Added connection com.mysql.cj.jdbc.ConnectionImpl@57b711b6
2026-09-13T08:26:14.374+05:30  INFO 18690 --- [UserManagementService] [           main] com.zaxxer.hikari.HikariDataSource       : HikariPool-1 - Start completed.
2026-09-13T08:26:14.410+05:30  INFO 18690 --- [UserManagementService] [           main] org.hibernate.orm.connections.pooling    : HHH10001005: Database info:
	Database JDBC URL [Connecting through datasource 'HikariDataSource (HikariPool-1)']
	Database driver: undefined/unknown
	Database version: 8.0.44
	Autocommit mode: undefined/unknown
	Isolation level: undefined/unknown
	Minimum pool size: undefined/unknown
	Maximum pool size: undefined/unknown
2026-09-13T08:26:14.737+05:30  INFO 18690 --- [UserManagementService] [           main] o.h.e.t.j.p.i.JtaPlatformInitiator       : HHH000489: No JTA platform available (set 'hibernate.transaction.jta.platform' to enable JTA platform integration)
2026-09-13T08:26:14.779+05:30  INFO 18690 --- [UserManagementService] [           main] j.LocalContainerEntityManagerFactoryBean : Initialized JPA EntityManagerFactory for persistence unit 'default'
2026-09-13T08:26:14.948+05:30  WARN 18690 --- [UserManagementService] [           main] JpaBaseConfiguration$JpaWebConfiguration : spring.jpa.open-in-view is enabled by default. Therefore, database queries may be performed during view rendering. Explicitly configure spring.jpa.open-in-view to disable this warning
2026-09-13T08:26:15.015+05:30 TRACE 18690 --- [UserManagementService] [           main] eGlobalAuthenticationAutowiredConfigurer : Eagerly initializing {securityConfig=com.example.usermanagementservice.config.SecurityConfig$$SpringCGLIB$$0@6334c0d8}
2026-09-13T08:26:15.017+05:30  INFO 18690 --- [UserManagementService] [           main] r$InitializeUserDetailsManagerConfigurer : Global AuthenticationManager configured with UserDetailsService bean with name storageUserDetailsService
2026-09-13T08:26:15.429+05:30 DEBUG 18690 --- [UserManagementService] [           main] o.s.s.web.DefaultSecurityFilterChain     : Will secure org.springframework.security.oauth2.server.authorization.config.annotation.web.configurers.OAuth2AuthorizationServerConfigurer$$Lambda$1952/0x00000070019db918@62b3871 with filters: DisableEncodeUrlFilter, WebAsyncManagerIntegrationFilter, SecurityContextHolderFilter, AuthorizationServerContextFilter, HeaderWriterFilter, CsrfFilter, OidcLogoutEndpointFilter, LogoutFilter, OAuth2AuthorizationServerMetadataEndpointFilter, OAuth2AuthorizationEndpointFilter, OAuth2DeviceVerificationEndpointFilter, OidcProviderConfigurationEndpointFilter, NimbusJwkSetEndpointFilter, OAuth2ClientAuthenticationFilter, BearerTokenAuthenticationFilter, AuthenticationFilter, RequestCacheAwareFilter, SecurityContextHolderAwareRequestFilter, AnonymousAuthenticationFilter, ExceptionTranslationFilter, AuthorizationFilter, OAuth2TokenEndpointFilter, OAuth2TokenIntrospectionEndpointFilter, OAuth2TokenRevocationEndpointFilter, OAuth2DeviceAuthorizationEndpointFilter, OidcUserInfoEndpointFilter
2026-09-13T08:26:15.435+05:30 DEBUG 18690 --- [UserManagementService] [           main] o.s.s.web.DefaultSecurityFilterChain     : Will secure any request with filters: DisableEncodeUrlFilter, WebAsyncManagerIntegrationFilter, SecurityContextHolderFilter, HeaderWriterFilter, LogoutFilter, UsernamePasswordAuthenticationFilter, DefaultResourcesFilter, DefaultLoginPageGeneratingFilter, DefaultLogoutPageGeneratingFilter, RequestCacheAwareFilter, SecurityContextHolderAwareRequestFilter, AnonymousAuthenticationFilter, ExceptionTranslationFilter, AuthorizationFilter
2026-09-13T08:26:15.540+05:30  INFO 18690 --- [UserManagementService] [           main] .u.UserManagementServiceApplicationTests : Started UserManagementServiceApplicationTests in 2.079 seconds (process running for 2.505)
]]></system-out>
  </testcase>
</testsuite>