<?xml version="1.0" encoding="UTF-8"?>
<testsuite xmlns:xsi="http://www.w3.org/2001/XMLSchema-instance" xsi:noNamespaceSchemaLocation="https://maven.apache.org/surefire/maven-surefire-plugin/xsd/surefire-test-report.xsd" version="3.0.2" name="com.example.ordermanagementservice.services.OrderServiceTest" time="0.103" tests="6" errors="0" skipped="0" failures="0">
  <properties>
[...]
</properties>
  <testcase name="getOrderById_returnsOrder_whenFound" classname="com.example.ordermanagementservice.services.OrderServiceTest" time="0.087"/>
  <testcase name="updateOrderStatus_updatesAndSavesOrder" classname="com.example.ordermanagementservice.services.OrderServiceTest" time="0.002"/>
  <testcase name="getOrderHistory_returnsOrdersForUser" classname="com.example.ordermanagementservice.services.OrderServiceTest" time="0.001"/>
  <testcase name="placeOrder_throwsEmptyCartException_whenCartHasNoItems" classname="com.example.ordermanagementservice.services.OrderServiceTest" time="0.002"/>
  <testcase name="getOrderById_throwsOrderNotFoundException_whenOrderMissing" classname="com.example.ordermanagementservice.services.OrderServiceTest" time="0.001"/>
  <testcase name="placeOrder_savesOrderAndPublishesEvent" classname="com.example.ordermanagementservice.services.OrderServiceTest" time="0.007"/>
</testsuite>