<?xml version="1.0" encoding="UTF-8"?>
<testsuite xmlns:xsi="http://www.w3.org/2001/XMLSchema-instance" xsi:noNamespaceSchemaLocation="https://maven.apache.org/surefire/maven-surefire-plugin/xsd/surefire-test-report.xsd" version="3.0.2" name="com.example.apigateway.GatewayRoutingTest" time="1.352" tests="3" errors="0" skipped="0" failures="0">
  <properties>
[...]
</properties>
  <testcase name="webhook_isPublic_andBodyAndSignatureHeaderArePreserved" classname="com.example.apigateway.GatewayRoutingTest" time="0.165">
    <system-out><![CDATA[01:10:43.146 [main] INFO org.springframework.boot.test.context.SpringBootTestContextBootstrapper -- Found @SpringBootConfiguration com.example.apigateway.ApiGatewayApplication for test class com.example.apigateway.GatewayRoutingTest

  .   ____          _            __ _ _
 /\\ / ___'_ __ _ _(_)_ __  __ _ \ \ \ \
( ( )\___ | '_ | '_| | '_ \/ _` | \ \ \ \
 \\/  ___)| |_)| | | | | || (_| |  ) ) ) )
  '  |____| .__|_| |_|_| |_\__, | / / / /
 =========|_|==============|___/=/_/_/_/

 :: Spring Boot ::                (v3.5.5)

2026-09-19T01:10:43.588+05:30  INFO 99697 --- [           main] c.example.apigateway.GatewayRoutingTest  : Starting GatewayRoutingTest using Java 17.0.19 with PID 99697 (started by smane in /Users/smane/Capstone_Project/APIGateway)
2026-09-19T01:10:43.589+05:30  INFO 99697 --- [           main] c.example.apigateway.GatewayRoutingTest  : No active profile set, falling back to 1 default profile: "default"
2026-09-19T01:10:43.884+05:30  INFO 99697 --- [           main] o.s.cloud.context.scope.GenericScope     : BeanFactory id=ff1cb01e-dadc-3277-87ba-4a2e5b1ac86c
2026-09-19T01:10:44.087+05:30  INFO 99697 --- [           main] o.s.c.g.r.RouteDefinitionRouteLocator    : Loaded RoutePredicateFactory [After]
2026-09-19T01:10:44.087+05:30  INFO 99697 --- [           main] o.s.c.g.r.RouteDefinitionRouteLocator    : Loaded RoutePredicateFactory [Before]
2026-09-19T01:10:44.087+05:30  INFO 99697 --- [           main] o.s.c.g.r.RouteDefinitionRouteLocator    : Loaded RoutePredicateFactory [Between]
2026-09-19T01:10:44.087+05:30  INFO 99697 --- [           main] o.s.c.g.r.RouteDefinitionRouteLocator    : Loaded RoutePredicateFactory [Cookie]
2026-09-19T01:10:44.087+05:30  INFO 99697 --- [           main] o.s.c.g.r.RouteDefinitionRouteLocator    : Loaded RoutePredicateFactory [Header]
2026-09-19T01:10:44.087+05:30  INFO 99697 --- [           main] o.s.c.g.r.RouteDefinitionRouteLocator    : Loaded RoutePredicateFactory [Host]
2026-09-19T01:10:44.087+05:30  INFO 99697 --- [           main] o.s.c.g.r.RouteDefinitionRouteLocator    : Loaded RoutePredicateFactory [Method]
2026-09-19T01:10:44.087+05:30  INFO 99697 --- [           main] o.s.c.g.r.RouteDefinitionRouteLocator    : Loaded RoutePredicateFactory [Path]
2026-09-19T01:10:44.087+05:30  INFO 99697 --- [           main] o.s.c.g.r.RouteDefinitionRouteLocator    : Loaded RoutePredicateFactory [Query]
2026-09-19T01:10:44.088+05:30  INFO 99697 --- [           main] o.s.c.g.r.RouteDefinitionRouteLocator    : Loaded RoutePredicateFactory [ReadBody]
2026-09-19T01:10:44.088+05:30  INFO 99697 --- [           main] o.s.c.g.r.RouteDefinitionRouteLocator    : Loaded RoutePredicateFactory [RemoteAddr]
2026-09-19T01:10:44.088+05:30  INFO 99697 --- [           main] o.s.c.g.r.RouteDefinitionRouteLocator    : Loaded RoutePredicateFactory [XForwardedRemoteAddr]
2026-09-19T01:10:44.088+05:30  INFO 99697 --- [           main] o.s.c.g.r.RouteDefinitionRouteLocator    : Loaded RoutePredicateFactory [Weight]
2026-09-19T01:10:44.088+05:30  INFO 99697 --- [           main] o.s.c.g.r.RouteDefinitionRouteLocator    : Loaded RoutePredicateFactory [CloudFoundryRouteService]
2026-09-19T01:10:44.150+05:30  INFO 99697 --- [           main] DiscoveryClientOptionalArgsConfiguration : Eureka HTTP Client uses RestTemplate.
2026-09-19T01:10:44.162+05:30  WARN 99697 --- [           main] iguration$LoadBalancerCaffeineWarnLogger : Spring Cloud LoadBalancer is currently working with the default cache. While this cache implementation is useful for development and tests, it's recommended to use Caffeine cache in production.You can switch to using Caffeine cache, by adding it and org.springframework.cache.caffeine.CaffeineCacheManager to the classpath.
2026-09-19T01:10:44.222+05:30  INFO 99697 --- [           main] o.s.b.web.embedded.netty.NettyWebServer  : Netty started on port 64605 (http)
2026-09-19T01:10:44.242+05:30  INFO 99697 --- [           main] c.example.apigateway.GatewayRoutingTest  : Started GatewayRoutingTest in 0.762 seconds (process running for 1.958)
2026-09-19T01:10:44.276+05:30 ERROR 99697 --- [           main] i.n.r.d.DnsServerAddressStreamProviders  : Unable to load io.netty.resolver.dns.macos.MacOSDnsServerAddressStreamProvider, fallback to system defaults. This may result in incorrect DNS resolutions on MacOS. Check whether you have a dependency on 'io.netty:netty-resolver-dns-native-macos'. Use DEBUG level to see the full stack: java.lang.UnsatisfiedLinkError: failed to load the required native library
]]></system-out>
  </testcase>
  <testcase name="protectedRoute_validToken_isForwarded_withTokenHeaderPreserved" classname="com.example.apigateway.GatewayRoutingTest" time="0.01"/>
  <testcase name="protectedRoute_missingToken_returns401_withoutHittingBackend" classname="com.example.apigateway.GatewayRoutingTest" time="0.005"/>
</testsuite>